<?xml version="1.0" encoding="UTF-8" ?>
<testsuite errors="1" failures="0" hostname="mypc-PC" name="MainTest.MainTest" skipped="0" tests="1" time="56.685" timestamp="2016-12-24T13:10:32">
  <properties>
[...]
</properties>
  <testcase classname="MainTest.MainTest" name="SmokeSuite" time="0.008">
    <error message="Utilities/Configproperties" type="java.lang.NoClassDefFoundError">java.lang.NoClassDefFoundError: Utilities/Configproperties
	at PageLibrary.Home.Navigate.&lt;init&gt;(Navigate.java:39)
	at MainTest.MainTest.&lt;init&gt;(MainTest.java:15)
	at java.lang.reflect.Constructor.newInstance(Unknown Source)
Caused by: java.lang.ClassNotFoundException: Utilities.Configproperties
	at java.net.URLClassLoader.findClass(Unknown Source)
	at java.lang.ClassLoader.loadClass(Unknown Source)
	at sun.misc.Launcher$AppClassLoader.loadClass(Unknown Source)
	at java.lang.ClassLoader.loadClass(Unknown Source)
</error>
  </testcase>
  <system-out><![CDATA[]]></system-out>
  <system-err><![CDATA[Starting ChromeDriver 2.25.426923 (0390b88869384d6eb0d5d09729679f934aab9eed) on port 46737
Only local connections are allowed.
Dec 24, 2016 6:40:43 PM org.openqa.selenium.remote.ProtocolHandshake createSession
INFO: Attempting bi-dialect session, assuming Postel's Law holds true on the remote end
Dec 24, 2016 6:41:27 PM org.openqa.selenium.remote.ProtocolHandshake createSession
INFO: Detected dialect: OSS
]]></system-err>
</testsuite>
